<?xml version="1.0" encoding="UTF-8"?>
<testng-results ignored="0" total="7" passed="7" failed="0" skipped="0">
  <reporter-output>
  </reporter-output>
  <suite started-at="2022-11-04T06:10:09Z" name="Default suite" finished-at="2022-11-04T06:10:12Z" duration-ms="3102">
    <groups>
    </groups>
    <test started-at="2022-11-04T06:10:09Z" name="Default test" finished-at="2022-11-04T06:10:12Z" duration-ms="3102">
      <class name="com.rest.api.authentication.AuthApis">
        <test-method signature="OAuth_API_Test()[pri:0, instance:com.rest.api.authentication.AuthApis@7c51f34b]" started-at="2022-11-04T06:10:09Z" name="OAuth_API_Test" finished-at="2022-11-04T06:10:10Z" duration-ms="909" status="PASS">
          <reporter-output>
          </reporter-output>
        </test-method> <!-- OAuth_API_Test -->
        <test-method signature="OAuth_API_Test_With_AuthHeader()[pri:0, instance:com.rest.api.authentication.AuthApis@7c51f34b]" started-at="2022-11-04T06:10:10Z" name="OAuth_API_Test_With_AuthHeader" finished-at="2022-11-04T06:10:10Z" duration-ms="125" status="PASS">
          <reporter-output>
          </reporter-output>
        </test-method> <!-- OAuth_API_Test_With_AuthHeader -->
        <test-method signature="OAuth_API_WithTwoQueryParams_API_Test()[pri:0, instance:com.rest.api.authentication.AuthApis@7c51f34b]" started-at="2022-11-04T06:10:10Z" name="OAuth_API_WithTwoQueryParams_API_Test" finished-at="2022-11-04T06:10:11Z" duration-ms="538" status="PASS">
          <reporter-output>
          </reporter-output>
        </test-method> <!-- OAuth_API_WithTwoQueryParams_API_Test -->
        <test-method signature="basic_Auth_Api_Test()[pri:0, instance:com.rest.api.authentication.AuthApis@7c51f34b]" started-at="2022-11-04T06:10:11Z" name="basic_Auth_Api_Test" finished-at="2022-11-04T06:10:11Z" duration-ms="315" status="PASS">
          <reporter-output>
          </reporter-output>
        </test-method> <!-- basic_Auth_Api_Test -->
        <test-method signature="basic_digest_Auth_Api_Test()[pri:0, instance:com.rest.api.authentication.AuthApis@7c51f34b]" started-at="2022-11-04T06:10:11Z" name="basic_digest_Auth_Api_Test" finished-at="2022-11-04T06:10:11Z" duration-ms="205" status="PASS">
          <reporter-output>
          </reporter-output>
        </test-method> <!-- basic_digest_Auth_Api_Test -->
        <test-method signature="basic_form_auth_API_Test()[pri:0, instance:com.rest.api.authentication.AuthApis@7c51f34b]" started-at="2022-11-04T06:10:11Z" name="basic_form_auth_API_Test" finished-at="2022-11-04T06:10:12Z" duration-ms="847" status="PASS">
          <reporter-output>
          </reporter-output>
        </test-method> <!-- basic_form_auth_API_Test -->
        <test-method signature="basic_preemitive_Auth_Api_Test()[pri:0, instance:com.rest.api.authentication.AuthApis@7c51f34b]" started-at="2022-11-04T06:10:12Z" name="basic_preemitive_Auth_Api_Test" finished-at="2022-11-04T06:10:12Z" duration-ms="148" status="PASS">
          <reporter-output>
          </reporter-output>
        </test-method> <!-- basic_preemitive_Auth_Api_Test -->
      </class> <!-- com.rest.api.authentication.AuthApis -->
    </test> <!-- Default test -->
  </suite> <!-- Default suite -->
</testng-results>
