<?xml version="1.0" encoding="UTF-8"?>
<testng-results ignored="0" total="1" passed="1" failed="0" skipped="0">
  <reporter-output>
  </reporter-output>
  <suite started-at="2022-11-10T06:48:18Z" name="Default suite" finished-at="2022-11-10T06:48:18Z" duration-ms="42">
    <groups>
    </groups>
    <test started-at="2022-11-10T06:48:18Z" name="Default test" finished-at="2022-11-10T06:48:18Z" duration-ms="42">
      <class name="com.rest.api.get.GitTestClass">
        <test-method signature="testGit()[pri:0, instance:com.rest.api.get.GitTestClass@12a94400]" started-at="2022-11-10T06:48:18Z" name="testGit" finished-at="2022-11-10T06:48:18Z" duration-ms="13" status="PASS">
          <reporter-output>
          </reporter-output>
        </test-method> <!-- testGit -->
      </class> <!-- com.rest.api.get.GitTestClass -->
    </test> <!-- Default test -->
  </suite> <!-- Default suite -->
</testng-results>
